<?xml version="1.0" encoding="UTF-8"?>
<testsuite name="com.example.mcp.BasicMcpIntegrationTest" tests="1" skipped="0" failures="1" errors="0" timestamp="2026-03-09T23:26:51" hostname="NHY9M72K9J" time="0.438">
  <properties/>
  <testcase name="should list server tools and call getServerTime tool()" classname="com.example.mcp.BasicMcpIntegrationTest" time="0.438">
    <failure message="java.lang.IllegalStateException: No MCP clients found" type="java.lang.IllegalStateException">java.lang.IllegalStateException: No MCP clients found
	at com.example.mcp.service.BasicMcpService.getMcpClient(BasicMcpService.kt:12)
	at com.example.mcp.service.BasicMcpService.getServerTools(BasicMcpService.kt:15)
	at com.example.mcp.BasicMcpIntegrationTest.should list server tools and call getServerTime tool(BasicMcpIntegrationTest.kt:17)
	at java.base/java.lang.reflect.Method.invoke(Method.java:580)
	at java.base/java.util.ArrayList.forEach(ArrayList.java:1596)
	at java.base/java.util.ArrayList.forEach(ArrayList.java:1596)
</failure>
  </testcase>
  <system-out><![CDATA[08:26:50.164 [Test worker] INFO org.springframework.test.context.support.AnnotationConfigContextLoaderUtils -- Could not detect default configuration classes for test class [com.example.mcp.BasicMcpIntegrationTest]: BasicMcpIntegrationTest does not declare any static, non-private, non-final, nested classes annotated with @Configuration.
08:26:50.228 [Test worker] INFO org.springframework.boot.test.context.SpringBootTestContextBootstrapper -- Found @SpringBootConfiguration com.example.mcp.BasicMcpApplication for test class com.example.mcp.BasicMcpIntegrationTest

  .   ____          _            __ _ _
 /\\ / ___'_ __ _ _(_)_ __  __ _ \ \ \ \
( ( )\___ | '_ | '_| | '_ \/ _` | \ \ \ \
 \\/  ___)| |_)| | | | | || (_| |  ) ) ) )
  '  |____| .__|_| |_|_| |_\__, | / / / /
 =========|_|==============|___/=/_/_/_/

 :: Spring Boot ::                (v3.5.9)

2026-03-10T08:26:50.454+09:00  INFO 27016 --- [mcp-basic-sample] [    Test worker] c.example.mcp.BasicMcpIntegrationTest    : Starting BasicMcpIntegrationTest using Java 21.0.10 with PID 27016 (started by 1111489 in /Users/1111489/Documents/01.STUDY/sample-test-kido-260121/spring-ai/27.McpClient/sample01-basic-mcp)
2026-03-10T08:26:50.455+09:00  INFO 27016 --- [mcp-basic-sample] [    Test worker] c.example.mcp.BasicMcpIntegrationTest    : No active profile set, falling back to 1 default profile: "default"
2026-03-10T08:26:51.078+09:00  INFO 27016 --- [mcp-basic-sample] [    Test worker] c.example.mcp.BasicMcpIntegrationTest    : Started BasicMcpIntegrationTest in 0.765 seconds (process running for 1.419)
]]></system-out>
  <system-err><![CDATA[Mockito is currently self-attaching to enable the inline-mock-maker. This will no longer work in future releases of the JDK. Please add Mockito as an agent to your build as described in Mockito's documentation: https://javadoc.io/doc/org.mockito/mockito-core/latest/org.mockito/org/mockito/Mockito.html#0.3
WARNING: A Java agent has been loaded dynamically (/Users/1111489/.gradle/caches/modules-2/files-2.1/net.bytebuddy/byte-buddy-agent/1.17.8/f09415827a71be7ed621c7bd02550678f28bc81c/byte-buddy-agent-1.17.8.jar)
WARNING: If a serviceability tool is in use, please run with -XX:+EnableDynamicAgentLoading to hide this warning
WARNING: If a serviceability tool is not in use, please run with -Djdk.instrument.traceUsage for more information
WARNING: Dynamic loading of agents will be disallowed by default in a future release
]]></system-err>
</testsuite>
